\BOOKMARK [1][-]{section*.5}{A}{}% 1
\BOOKMARK [2][-]{section*.6}{Account}{section*.5}% 2
\BOOKMARK [2][-]{section*.7}{Amministratore}{section*.5}% 3
\BOOKMARK [2][-]{section*.8}{Analisi di Dettaglio}{section*.5}% 4
\BOOKMARK [2][-]{section*.9}{Analista}{section*.5}% 5
\BOOKMARK [2][-]{section*.10}{Android}{section*.5}% 6
\BOOKMARK [2][-]{section*.11}{API}{section*.5}% 7
\BOOKMARK [2][-]{section*.12}{API Restful}{section*.5}% 8
\BOOKMARK [2][-]{section*.13}{Arma}{section*.5}% 9
\BOOKMARK [2][-]{section*.14}{Attivit\340}{section*.5}% 10
\BOOKMARK [2][-]{section*.15}{Attore}{section*.5}% 11
\BOOKMARK [2][-]{section*.16}{Avversario}{section*.5}% 12
\BOOKMARK [2][-]{section*.17}{AWS}{section*.5}% 13
\BOOKMARK [2][-]{section*.18}{AWS Gamelift}{section*.5}% 14
\BOOKMARK [2][-]{section*.19}{AWS AppSync}{section*.5}% 15
\BOOKMARK [1][-]{section*.20}{B}{}% 16
\BOOKMARK [2][-]{section*.21}{Baseline}{section*.20}% 17
\BOOKMARK [2][-]{section*.22}{Brainstorming }{section*.20}% 18
\BOOKMARK [2][-]{section*.23}{Branch}{section*.20}% 19
\BOOKMARK [2][-]{section*.24}{Bug Reporting}{section*.20}% 20
\BOOKMARK [1][-]{section*.25}{C}{}% 21
\BOOKMARK [2][-]{section*.26}{Capitolato}{section*.25}% 22
\BOOKMARK [2][-]{section*.27}{Codifica}{section*.25}% 23
\BOOKMARK [2][-]{section*.28}{Collaudo}{section*.25}% 24
\BOOKMARK [2][-]{section*.29}{Chrome}{section*.25}% 25
\BOOKMARK [2][-]{section*.30}{Client}{section*.25}% 26
\BOOKMARK [2][-]{section*.31}{Code smell}{section*.25}% 27
\BOOKMARK [2][-]{section*.32}{CPU-intensive}{section*.25}% 28
\BOOKMARK [1][-]{section*.33}{D}{}% 29
\BOOKMARK [2][-]{section*.34}{Dashboard}{section*.33}% 30
\BOOKMARK [2][-]{section*.35}{Definizione di prodotto}{section*.33}% 31
\BOOKMARK [2][-]{section*.36}{Design}{section*.33}% 32
\BOOKMARK [2][-]{section*.37}{Design Pattern}{section*.33}% 33
\BOOKMARK [2][-]{section*.38}{Diagrammi di Gantt}{section*.33}% 34
\BOOKMARK [2][-]{section*.39}{Discord}{section*.33}% 35
\BOOKMARK [2][-]{section*.40}{Database}{section*.33}% 36
\BOOKMARK [2][-]{section*.41}{DynamoDB}{section*.33}% 37
\BOOKMARK [1][-]{section*.42}{E}{}% 38
\BOOKMARK [2][-]{section*.43}{Efficacia}{section*.42}% 39
\BOOKMARK [2][-]{section*.44}{Efficienza}{section*.42}% 40
\BOOKMARK [2][-]{section*.45}{Email}{section*.42}% 41
\BOOKMARK [2][-]{section*.46}{Endless}{section*.42}% 42
\BOOKMARK [1][-]{section*.47}{F}{}% 43
\BOOKMARK [2][-]{section*.48}{Fase}{section*.47}% 44
\BOOKMARK [2][-]{section*.49}{Feature Branch}{section*.47}% 45
\BOOKMARK [1][-]{section*.50}{G}{}% 46
\BOOKMARK [2][-]{section*.51}{Git}{section*.50}% 47
\BOOKMARK [2][-]{section*.52}{GitHub}{section*.50}% 48
\BOOKMARK [2][-]{section*.53}{GitHub Actions}{section*.50}% 49
\BOOKMARK [2][-]{section*.54}{Google Docs}{section*.50}% 50
\BOOKMARK [2][-]{section*.55}{Google Drive}{section*.50}% 51
\BOOKMARK [2][-]{section*.56}{Google Meet}{section*.50}% 52
\BOOKMARK [2][-]{section*.57}{Google Sheet}{section*.50}% 53
\BOOKMARK [1][-]{section*.58}{H}{}% 54
\BOOKMARK [2][-]{section*.59}{HTTP}{section*.58}% 55
\BOOKMARK [1][-]{section*.60}{I}{}% 56
\BOOKMARK [2][-]{section*.61}{Incremento e Verifica}{section*.60}% 57
\BOOKMARK [2][-]{section*.62}{Indice di Gulpease}{section*.60}% 58
\BOOKMARK [2][-]{section*.63}{Individuazione degli strumenti}{section*.60}% 59
\BOOKMARK [2][-]{section*.64}{Inspection}{section*.60}% 60
\BOOKMARK [2][-]{section*.65}{IOS}{section*.60}% 61
\BOOKMARK [2][-]{section*.66}{Issue}{section*.60}% 62
\BOOKMARK [2][-]{section*.67}{ITS, Issue Tracking System}{section*.60}% 63
\BOOKMARK [1][-]{section*.68}{J}{}% 64
\BOOKMARK [2][-]{section*.69}{JSON}{section*.68}% 65
\BOOKMARK [1][-]{section*.70}{K}{}% 66
\BOOKMARK [2][-]{section*.71}{Kotlin}{section*.70}% 67
\BOOKMARK [1][-]{section*.72}{L}{}% 68
\BOOKMARK [2][-]{section*.73}{Lettera di Presentazione}{section*.72}% 69
\BOOKMARK [2][-]{section*.74}{Lobby}{section*.72}% 70
\BOOKMARK [2][-]{section*.75}{Login}{section*.72}% 71
\BOOKMARK [2][-]{section*.76}{Logout}{section*.72}% 72
\BOOKMARK [1][-]{section*.77}{M}{}% 73
\BOOKMARK [2][-]{section*.78}{Manuale utente}{section*.77}% 74
\BOOKMARK [2][-]{section*.79}{Meeting}{section*.77}% 75
\BOOKMARK [2][-]{section*.80}{Microservizio}{section*.77}% 76
\BOOKMARK [2][-]{section*.81}{Milestone}{section*.77}% 77
\BOOKMARK [2][-]{section*.82}{Modalit\340 fantasma}{section*.77}% 78
\BOOKMARK [2][-]{section*.83}{Modello a V}{section*.77}% 79
\BOOKMARK [2][-]{section*.84}{Multiplayer}{section*.77}% 80
\BOOKMARK [1][-]{section*.85}{N}{}% 81
\BOOKMARK [2][-]{section*.86}{Navicella}{section*.85}% 82
\BOOKMARK [2][-]{section*.87}{Navicella avversaria}{section*.85}% 83
\BOOKMARK [2][-]{section*.88}{Navicella nemica}{section*.85}% 84
\BOOKMARK [2][-]{section*.89}{Nemico}{section*.85}% 85
\BOOKMARK [2][-]{section*.90}{Node.js}{section*.85}% 86
\BOOKMARK [1][-]{section*.91}{O}{}% 87
\BOOKMARK [2][-]{section*.92}{Open source}{section*.91}% 88
\BOOKMARK [1][-]{section*.93}{P}{}% 89
\BOOKMARK [2][-]{section*.94}{Password}{section*.93}% 90
\BOOKMARK [2][-]{section*.95}{PDCA}{section*.93}% 91
\BOOKMARK [2][-]{section*.96}{Piano di Progetto \(PdP\)}{section*.93}% 92
\BOOKMARK [2][-]{section*.97}{Power-Up}{section*.93}% 93
\BOOKMARK [2][-]{section*.98}{Power-Up Cambio arma}{section*.93}% 94
\BOOKMARK [2][-]{section*.99}{Power-Up Cuore}{section*.93}% 95
\BOOKMARK [2][-]{section*.100}{Power-Up Scudo}{section*.93}% 96
\BOOKMARK [2][-]{section*.101}{Pull-Request \(PR\)}{section*.93}% 97
\BOOKMARK [2][-]{section*.102}{Processi}{section*.93}% 98
\BOOKMARK [2][-]{section*.103}{Progettista}{section*.93}% 99
\BOOKMARK [2][-]{section*.104}{Programmatore}{section*.93}% 100
\BOOKMARK [2][-]{section*.105}{Proof-of-concept \(PoC\) }{section*.93}% 101
\BOOKMARK [1][-]{section*.106}{R}{}% 102
\BOOKMARK [2][-]{section*.107}{Regressione}{section*.106}% 103
\BOOKMARK [2][-]{section*.108}{Repository}{section*.106}% 104
\BOOKMARK [2][-]{section*.109}{Responsabile}{section*.106}% 105
\BOOKMARK [1][-]{section*.110}{S}{}% 106
\BOOKMARK [2][-]{section*.111}{Server}{section*.110}% 107
\BOOKMARK [2][-]{section*.112}{Serverless}{section*.110}% 108
\BOOKMARK [2][-]{section*.113}{Singleplayer}{section*.110}% 109
\BOOKMARK [2][-]{section*.114}{Sottoattivit\340}{section*.110}% 110
\BOOKMARK [2][-]{section*.115}{Specifica Tecnica}{section*.110}% 111
\BOOKMARK [2][-]{section*.116}{SPICE}{section*.110}% 112
\BOOKMARK [2][-]{section*.117}{Slack}{section*.110}% 113
\BOOKMARK [2][-]{section*.118}{Stakeholder}{section*.110}% 114
\BOOKMARK [2][-]{section*.119}{Subsystem}{section*.110}% 115
\BOOKMARK [2][-]{section*.120}{Swift}{section*.110}% 116
\BOOKMARK [1][-]{section*.121}{T}{}% 117
\BOOKMARK [2][-]{section*.122}{Telegram}{section*.121}% 118
\BOOKMARK [2][-]{section*.123}{Test}{section*.121}% 119
\BOOKMARK [1][-]{section*.124}{U}{}% 120
\BOOKMARK [2][-]{section*.125}{User interface}{section*.124}% 121
\BOOKMARK [2][-]{section*.126}{UML, diagrammi UML}{section*.124}% 122
\BOOKMARK [1][-]{section*.127}{V}{}% 123
\BOOKMARK [2][-]{section*.128}{Validazione}{section*.127}% 124
\BOOKMARK [2][-]{section*.129}{Version Control System \(VCS\)}{section*.127}% 125
\BOOKMARK [2][-]{section*.130}{Verificatore}{section*.127}% 126
\BOOKMARK [2][-]{section*.131}{Versionamento}{section*.127}% 127
\BOOKMARK [1][-]{section*.132}{W}{}% 128
\BOOKMARK [2][-]{section*.133}{Way of working}{section*.132}% 129
\BOOKMARK [2][-]{section*.134}{Walkthrough}{section*.132}% 130
\BOOKMARK [2][-]{section*.135}{Workflow}{section*.132}% 131
